<?xml version="1.0" encoding="UTF-8"?>
<!-- Generated by org.testng.reporters.JUnitReportReporter -->
<testsuite hostname="Canwill" failures="0" tests="2" name="com.ninja.qa.testcases.Registeration" time="13.722" errors="0" timestamp="2024-04-09T15:55:01 IST" skipped="0">
  <testcase classname="com.ninja.qa.testcases.Registeration" name="verifyRegisterWIthValidData" time="6.538"/>
  <system-out/>
  <testcase classname="com.ninja.qa.testcases.Registeration" name="VerifyRegisterWithExixtingEmail" time="7.184"/>
  <system-out/>
</testsuite> <!-- com.ninja.qa.testcases.Registeration -->
